<?xml version="1.0" encoding="UTF-8"?>
<!-- Generated by org.testng.reporters.JUnitXMLReporter -->
<testsuite ignored="0" hostname="PranushaTarun" failures="1" tests="1" name="Test1" time="16.27" errors="0" timestamp="2023-03-26T16:36:14 EDT">
  <testcase classname="io.cucumber.testng.AbstractTestNGCucumberTests" name="runScenario" time="1.806">
    <failure type="io.cucumber.testng.UndefinedStepException" message="The step &amp;apos;User launch Browser and enters url &amp;quot;https://dsportalapp.herokuapp.com/&amp;quot;&amp;apos; and 7 other step(s) are undefined.
You can implement these steps using the snippet(s) below:

@Given(&amp;quot;User launch Browser and enters url {string}&amp;quot;)
public void user_launch_browser_and_enters_url(String string) {
    // Write code here that turns the phrase above into concrete actions
    throw new io.cucumber.java.PendingException();
}
@When(&amp;quot;User clicks on Get Started button&amp;quot;)
public void user_clicks_on_get_started_button() {
    // Write code here that turns the phrase above into concrete actions
    throw new io.cucumber.java.PendingException();
}
@Then(&amp;quot;The user  should be successfully redirected to home page&amp;quot;)
public void the_user_should_be_successfully_redirected_to_home_page() {
    // Write code here that turns the phrase above into concrete actions
    throw new io.cucumber.java.PendingException();
}
@When(&amp;quot;The user clicks on data structure dropdown&amp;quot;)
public void the_user_clicks_on_data_structure_dropdown() {
    // Write code here that turns the phrase above into concrete actions
    throw new io.cucumber.java.PendingException();
}
@Then(&amp;quot;The user select any dropdown menu {string}&amp;quot;)
public void the_user_select_any_dropdown_menu(String string) {
    // Write code here that turns the phrase above into concrete actions
    throw new io.cucumber.java.PendingException();
}
@Then(&amp;quot;It should Alert the user with the message {string}&amp;quot;)
public void it_should_alert_the_user_with_the_message(String string) {
    // Write code here that turns the phrase above into concrete actions
    throw new io.cucumber.java.PendingException();
}
@When(&amp;quot;The user click any of the Get started button {string} in home page&amp;quot;)
public void the_user_click_any_of_the_get_started_button_in_home_page(String string) {
    // Write code here that turns the phrase above into concrete actions
    throw new io.cucumber.java.PendingException();
}
">
      <![CDATA[io.cucumber.testng.UndefinedStepException: The step 'User launch Browser and enters url "https://dsportalapp.herokuapp.com/"' and 7 other step(s) are undefined.
You can implement these steps using the snippet(s) below:

@Given("User launch Browser and enters url {string}")
public void user_launch_browser_and_enters_url(String string) {
    // Write code here that turns the phrase above into concrete actions
    throw new io.cucumber.java.PendingException();
}
@When("User clicks on Get Started button")
public void user_clicks_on_get_started_button() {
    // Write code here that turns the phrase above into concrete actions
    throw new io.cucumber.java.PendingException();
}
@Then("The user  should be successfully redirected to home page")
public void the_user_should_be_successfully_redirected_to_home_page() {
    // Write code here that turns the phrase above into concrete actions
    throw new io.cucumber.java.PendingException();
}
@When("The user clicks on data structure dropdown")
public void the_user_clicks_on_data_structure_dropdown() {
    // Write code here that turns the phrase above into concrete actions
    throw new io.cucumber.java.PendingException();
}
@Then("The user select any dropdown menu {string}")
public void the_user_select_any_dropdown_menu(String string) {
    // Write code here that turns the phrase above into concrete actions
    throw new io.cucumber.java.PendingException();
}
@Then("It should Alert the user with the message {string}")
public void it_should_alert_the_user_with_the_message(String string) {
    // Write code here that turns the phrase above into concrete actions
    throw new io.cucumber.java.PendingException();
}
@When("The user click any of the Get started button {string} in home page")
public void the_user_click_any_of_the_get_started_button_in_home_page(String string) {
    // Write code here that turns the phrase above into concrete actions
    throw new io.cucumber.java.PendingException();
}

at io.cucumber.core.runtime.TestCaseResultObserver.assertTestCasePassed(TestCaseResultObserver.java:69)
at io.cucumber.testng.TestCaseResultObserver.assertTestCasePassed(TestCaseResultObserver.java:23)
at io.cucumber.testng.TestNGCucumberRunner.lambda$runScenario$1(TestNGCucumberRunner.java:133)
at io.cucumber.core.runtime.CucumberExecutionContext.lambda$runTestCase$3(CucumberExecutionContext.java:151)
at io.cucumber.core.runtime.RethrowingThrowableCollector.executeAndThrow(RethrowingThrowableCollector.java:23)
at io.cucumber.core.runtime.CucumberExecutionContext.runTestCase(CucumberExecutionContext.java:151)
at io.cucumber.testng.TestNGCucumberRunner.runScenario(TestNGCucumberRunner.java:129)
at io.cucumber.testng.AbstractTestNGCucumberTests.runScenario(AbstractTestNGCucumberTests.java:35)
at java.base/java.util.ArrayList.forEach(ArrayList.java:1511)
... Removed 25 stack frames]]>
    </failure>
  </testcase> <!-- runScenario -->
</testsuite> <!-- Test1 -->
