<?xml version="1.0" encoding="UTF-8"?>
<testng-results ignored="0" total="2" passed="2" failed="0" skipped="0">
  <reporter-output>
  </reporter-output>
  <suite started-at="2023-03-27T12:47:50 EDT" name="Suite" finished-at="2023-03-27T12:48:03 EDT" duration-ms="13649">
    <groups>
      <group name="cucumber">
        <method signature="AbstractTestNGCucumberTests.runScenario(io.cucumber.testng.PickleWrapper,io.cucumber.testng.FeatureWrapper)[pri:0, instance:com.runner.TestRunner@fa4c865]" name="runScenario" class="io.cucumber.testng.AbstractTestNGCucumberTests"/>
        <method signature="AbstractTestNGCucumberTests.runScenario(io.cucumber.testng.PickleWrapper,io.cucumber.testng.FeatureWrapper)[pri:0, instance:com.runner.TestRunner@445b295b]" name="runScenario" class="io.cucumber.testng.AbstractTestNGCucumberTests"/>
      </group> <!-- cucumber -->
    </groups>
    <test started-at="2023-03-27T12:47:50 EDT" name="ChromeTest" finished-at="2023-03-27T12:47:58 EDT" duration-ms="8164">
      <class name="com.runner.TestRunner">
        <test-method is-config="true" signature="defineBrowser(java.lang.String)[pri:0, instance:com.runner.TestRunner@fa4c865]" started-at="2023-03-27T12:47:50 EDT" name="defineBrowser" finished-at="2023-03-27T12:47:50 EDT" duration-ms="50" status="PASS">
          <params>
            <param index="0">
              <value>
                <![CDATA[chrome]]>
              </value>
            </param>
          </params>
          <reporter-output>
          </reporter-output>
        </test-method> <!-- defineBrowser -->
        <test-method is-config="true" signature="setUpClass(org.testng.ITestContext)[pri:0, instance:com.runner.TestRunner@fa4c865]" started-at="2023-03-27T12:47:50 EDT" name="setUpClass" finished-at="2023-03-27T12:47:55 EDT" duration-ms="5589" status="PASS">
          <params>
            <param index="0">
              <value>
                <![CDATA[org.testng.TestRunner@3b96f8b0]]>
              </value>
            </param>
          </params>
          <reporter-output>
          </reporter-output>
        </test-method> <!-- setUpClass -->
        <test-method signature="runScenario(io.cucumber.testng.PickleWrapper,io.cucumber.testng.FeatureWrapper)[pri:0, instance:com.runner.TestRunner@fa4c865]" started-at="2023-03-27T12:47:55 EDT" name="runScenario" description="Runs Cucumber Scenarios" data-provider="scenarios" finished-at="2023-03-27T12:47:58 EDT" duration-ms="2341" status="PASS">
          <params>
            <param index="0">
              <value>
                <![CDATA["Validation of Start Page Home Page and clicks on any dropdown "Arrays" without sign in"]]>
              </value>
            </param>
            <param index="1">
              <value>
                <![CDATA["Optional[Launch Start page and Test Home Page]"]]>
              </value>
            </param>
          </params>
          <reporter-output>
          </reporter-output>
        </test-method> <!-- runScenario -->
        <test-method is-config="true" signature="tearDownClass()[pri:0, instance:com.runner.TestRunner@fa4c865]" started-at="2023-03-27T12:47:58 EDT" name="tearDownClass" finished-at="2023-03-27T12:47:58 EDT" duration-ms="52" status="PASS">
          <reporter-output>
          </reporter-output>
        </test-method> <!-- tearDownClass -->
      </class> <!-- com.runner.TestRunner -->
    </test> <!-- ChromeTest -->
    <test started-at="2023-03-27T12:47:58 EDT" name="EdgeTest" finished-at="2023-03-27T12:48:03 EDT" duration-ms="5468">
      <class name="com.runner.TestRunner">
        <test-method is-config="true" signature="defineBrowser(java.lang.String)[pri:0, instance:com.runner.TestRunner@445b295b]" started-at="2023-03-27T12:47:58 EDT" name="defineBrowser" finished-at="2023-03-27T12:47:58 EDT" duration-ms="0" status="PASS">
          <params>
            <param index="0">
              <value>
                <![CDATA[edge]]>
              </value>
            </param>
          </params>
          <reporter-output>
          </reporter-output>
        </test-method> <!-- defineBrowser -->
        <test-method is-config="true" signature="setUpClass(org.testng.ITestContext)[pri:0, instance:com.runner.TestRunner@445b295b]" started-at="2023-03-27T12:47:58 EDT" name="setUpClass" finished-at="2023-03-27T12:48:01 EDT" duration-ms="3201" status="PASS">
          <params>
            <param index="0">
              <value>
                <![CDATA[org.testng.TestRunner@2b170932]]>
              </value>
            </param>
          </params>
          <reporter-output>
          </reporter-output>
        </test-method> <!-- setUpClass -->
        <test-method signature="runScenario(io.cucumber.testng.PickleWrapper,io.cucumber.testng.FeatureWrapper)[pri:0, instance:com.runner.TestRunner@445b295b]" started-at="2023-03-27T12:48:01 EDT" name="runScenario" description="Runs Cucumber Scenarios" data-provider="scenarios" finished-at="2023-03-27T12:48:03 EDT" duration-ms="2218" status="PASS">
          <params>
            <param index="0">
              <value>
                <![CDATA["Validation of Start Page Home Page and clicks on any dropdown "Arrays" without sign in"]]>
              </value>
            </param>
            <param index="1">
              <value>
                <![CDATA["Optional[Launch Start page and Test Home Page]"]]>
              </value>
            </param>
          </params>
          <reporter-output>
          </reporter-output>
        </test-method> <!-- runScenario -->
        <test-method is-config="true" signature="tearDownClass()[pri:0, instance:com.runner.TestRunner@445b295b]" started-at="2023-03-27T12:48:03 EDT" name="tearDownClass" finished-at="2023-03-27T12:48:03 EDT" duration-ms="38" status="PASS">
          <reporter-output>
          </reporter-output>
        </test-method> <!-- tearDownClass -->
      </class> <!-- com.runner.TestRunner -->
    </test> <!-- EdgeTest -->
  </suite> <!-- Suite -->
</testng-results>
